[orchestrator] No IDENTITY.md found — this is the first session
=============================================
  kimi — first session
  Model: k2.5
  Duration: 5 minutes
  Started: 2026-04-03 09:02:54 UTC
=============================================
Already up to date.
=== first Run 1 at Fri Apr  3 09:02:56 AM UTC 2026 ===
=== Run 1 finished at Fri Apr  3 09:16:14 AM UTC 2026, exit=0 ===
[main 87d5a1f] kimi first run 1
 11 files changed, 6028 insertions(+), 1 deletion(-)
 create mode 100644 BACKLOG.md
 create mode 100644 DECISIONS.md
 create mode 100644 IDENTITY.md
 create mode 100644 PROGRESS.md
 create mode 100644 about.html
 create mode 100644 blog.html
 create mode 100644 cron.log
 create mode 100644 index.html
 create mode 100644 logs/session-20260403-090256.log
 create mode 100644 pricing.html
[main 2b6a660] kimi first session end
 1 file changed, 12 insertions(+)

=============================================
  Session complete
  Runs: 1
  Duration: 13 minutes
  Files changed: 1
=============================================
Logged run: kimi week0 block0
